<?xml version="1.0" encoding="UTF-8"?>
<!-- Generated by org.testng.reporters.JUnitReportReporter -->
<testsuite skipped="0" hostname="DESKTOP-0JTJ2UQ" name="test.TestUnitarioMetodos" tests="5" failures="0" timestamp="10 may 2019 05:12:57 GMT" time="0.018" errors="0">
  <testcase name="divisionParaZero" time="0.003" classname="test.TestUnitarioMetodos"/>
  <testcase name="adicionTest" time="0.010" classname="test.TestUnitarioMetodos"/>
  <testcase name="extraccionTest" time="0.002" classname="test.TestUnitarioMetodos"/>
  <testcase name="multiplicacionTest" time="0.002" classname="test.TestUnitarioMetodos"/>
  <testcase name="divisionValoresValidosTest" time="0.001" classname="test.TestUnitarioMetodos"/>
</testsuite> <!-- test.TestUnitarioMetodos -->
